<?xml version="1.0" encoding="UTF-8"?>
<!-- Generated by org.testng.reporters.JUnitReportReporter -->
<testsuite skipped="0" hostname="CLCHCLWDB2D" name="testngtut.orangehrmParameters" tests="1" failures="0" timestamp="31 May 2018 17:11:00 GMT" time="1.253" errors="0">
  <testcase name="loginhrmlive" time="1.253" classname="testngtut.orangehrmParameters"/>
</testsuite> <!-- testngtut.orangehrmParameters -->
